Change Component Description : Designator=RC4 Old Description=WCAP-PSLC Aluminum Polymer Capacitors , 680 µF; + / - 20%; 16 V , 10 x 12,4 New Description=WCAP-PSLC Aluminum Polymer Capacitors , 680 µF; + / - 20%; 16 V , 10 x 12,4
Change Component Description : Designator=RC8 Old Description=WCAP-PSLC Aluminum Polymer Capacitors , 680 µF; + / - 20%; 16 V , 10 x 12,4 New Description=WCAP-PSLC Aluminum Polymer Capacitors , 680 µF; + / - 20%; 16 V , 10 x 12,4
Change component parameters: Designator = "RC4"; Footprint = "WCAP-PSLC 10x12.4x4.5"; UniqueID = "\EKILREHK"
Change component parameters. Clean all parameters for all variants
Change component parameters (AddParameter): Name = "Application"; Value = "Low voltage port filtering, appplid to high-end switching power supply, PC(desktop,laptop ),industrial computer, VGA card, server power, charger, TV, digital set-top box,DC-DC power module, game machine etc which consume large current with high speed circuit."; VariantName = "[No Variations]"
Change component parameters (AddParameter): Name = "Capacitance"; Value = "680 µF"; VariantName = "[No Variations]"
Change component parameters (AddParameter): Name = "Characteristics"; Value = "Aluminum Polymer Capacitors; Recommended soldering: Reflow; Operating temperature: –55 °C to +105 °C; Large capacitance SMD product series; Very low ESR at high frequency range; High permissible ripple current; Long life and high reliability; Load life: 2000 h @ +105 °C"; VariantName = "[No Variations]"
Change component parameters (AddParameter): Name = "ComponentLink1Description"; Value = "Manufacturer"; VariantName = "[No Variations]"
Change component parameters (AddParameter): Name = "ComponentLink1URL"; Value = "http://www.we-online.com"; VariantName = "[No Variations]"
Change component parameters (AddParameter): Name = "ComponentLink2Description"; Value = "Datasheet"; VariantName = "[No Variations]"
Change component parameters (AddParameter): Name = "ComponentLink2URL"; Value = "http://katalog.we-online.de/pbs/datasheet/875075361006.pdf"; VariantName = "[No Variations]"
Change component parameters (AddParameter): Name = "Created by"; Value = "Karrer Zheng"; VariantName = "[No Variations]"
Change component parameters (AddParameter): Name = "Created Date"; Value = "6/8/2015"; VariantName = "[No Variations]"
Change component parameters (AddParameter): Name = "E-mail"; Value = "libraries@we-online.com"; VariantName = "[No Variations]"
Change component parameters (AddParameter): Name = "Manufacturer"; Value = "Wurth Elektronik"; VariantName = "[No Variations]"
Change component parameters (AddParameter): Name = "partNo"; Value = "875075361006"; VariantName = "[No Variations]"
Change component parameters: Designator = "RC8"; Footprint = "WCAP-PSLC 10x12.4x4.5"; UniqueID = "\DYRSNFVT"
Change component parameters. Clean all parameters for all variants
Change component parameters (AddParameter): Name = "Application"; Value = "Low voltage port filtering, appplid to high-end switching power supply, PC(desktop,laptop ),industrial computer, VGA card, server power, charger, TV, digital set-top box,DC-DC power module, game machine etc which consume large current with high speed circuit."; VariantName = "[No Variations]"
Change component parameters (AddParameter): Name = "Capacitance"; Value = "680 µF"; VariantName = "[No Variations]"
Change component parameters (AddParameter): Name = "Characteristics"; Value = "Aluminum Polymer Capacitors; Recommended soldering: Reflow; Operating temperature: –55 °C to +105 °C; Large capacitance SMD product series; Very low ESR at high frequency range; High permissible ripple current; Long life and high reliability; Load life: 2000 h @ +105 °C"; VariantName = "[No Variations]"
Change component parameters (AddParameter): Name = "ComponentLink1Description"; Value = "Manufacturer"; VariantName = "[No Variations]"
Change component parameters (AddParameter): Name = "ComponentLink1URL"; Value = "http://www.we-online.com"; VariantName = "[No Variations]"
Change component parameters (AddParameter): Name = "ComponentLink2Description"; Value = "Datasheet"; VariantName = "[No Variations]"
Change component parameters (AddParameter): Name = "ComponentLink2URL"; Value = "http://katalog.we-online.de/pbs/datasheet/875075361006.pdf"; VariantName = "[No Variations]"
Change component parameters (AddParameter): Name = "Created by"; Value = "Karrer Zheng"; VariantName = "[No Variations]"
Change component parameters (AddParameter): Name = "Created Date"; Value = "6/8/2015"; VariantName = "[No Variations]"
Change component parameters (AddParameter): Name = "E-mail"; Value = "libraries@we-online.com"; VariantName = "[No Variations]"
Change component parameters (AddParameter): Name = "Manufacturer"; Value = "Wurth Elektronik"; VariantName = "[No Variations]"
Change component parameters (AddParameter): Name = "partNo"; Value = "875075361006"; VariantName = "[No Variations]"
Change Class Name : Old Net Name=Sheet1 New Net Name=Portablizer_SCH
Added Room: Name=Portablizer_SCH
